\BOOKMARK [0][-]{chapter.1}{\376\377\173\054\0001\172\340\000\040\000\040\176\352\213\272}{}% 1
\BOOKMARK [1][-]{section.1.1}{\376\377\0001\000.\0001\000\040\220\011\230\230\166\204\200\314\146\157\123\312\141\017\116\111}{chapter.1}% 2
\BOOKMARK [1][-]{section.1.2}{\376\377\0001\000.\0002\000\040\126\375\121\205\131\026\170\024\172\166\163\260\162\266}{chapter.1}% 3
\BOOKMARK [2][-]{subsection.1.2.1}{\376\377\0001\000.\0002\000.\0001\000\040\121\111\161\147\166\204\210\150\171\072}{section.1.2}% 4
\BOOKMARK [2][-]{subsection.1.2.2}{\376\377\0001\000.\0002\000.\0002\000\040\117\177\165\050\121\111\143\242\155\113\162\151\117\060\213\241\121\111\161\147}{section.1.2}% 5
\BOOKMARK [2][-]{subsection.1.2.3}{\376\377\0001\000.\0002\000.\0003\000\040\117\177\165\050\162\171\133\232\213\276\131\007\117\060\213\241\121\111\161\147}{section.1.2}% 6
\BOOKMARK [2][-]{subsection.1.2.4}{\376\377\0001\000.\0002\000.\0004\000\040\117\177\165\050\230\235\131\026\117\341\140\157\117\060\213\241\121\111\161\147}{section.1.2}% 7
\BOOKMARK [2][-]{subsection.1.2.5}{\376\377\0001\000.\0002\000.\0005\000\040\117\177\165\050\173\200\123\026\166\204\121\111\161\147\152\041\127\213}{section.1.2}% 8
\BOOKMARK [2][-]{subsection.1.2.6}{\376\377\0001\000.\0002\000.\0006\000\040\127\372\116\216\126\376\120\317\122\006\147\220\117\060\213\241\121\111\161\147}{section.1.2}% 9
\BOOKMARK [2][-]{subsection.1.2.7}{\376\377\0001\000.\0002\000.\0007\000\040\165\050\142\067\116\244\116\222\217\205\122\251\117\060\213\241\121\111\161\147}{section.1.2}% 10
\BOOKMARK [2][-]{subsection.1.2.8}{\376\377\0001\000.\0002\000.\0008\000\040\121\111\161\147\117\060\213\241\166\370\121\163\145\160\143\156\226\306}{section.1.2}% 11
\BOOKMARK [2][-]{subsection.1.2.9}{\376\377\0001\000.\0002\000.\0009\000\040\122\051\165\050\155\361\136\246\133\146\116\140\135\345\121\167\117\060\213\241\121\111\161\147}{section.1.2}% 12
\BOOKMARK [0][-]{chapter.2}{\376\377\173\054\0002\172\340\000\040\000\040\121\111\161\147\117\060\213\241\145\160\143\156\226\306}{}% 13
\BOOKMARK [1][-]{section.2.1}{\376\377\0002\000.\0001\000\040\137\025\212\000}{chapter.2}% 14
\BOOKMARK [1][-]{section.2.2}{\376\377\0002\000.\0002\000\040\232\330\122\250\140\001\203\003\126\364\121\150\146\157\126\376\120\317}{chapter.2}% 15
\BOOKMARK [2][-]{subsection.2.2.1}{\376\377\0002\000.\0002\000.\0001\000\040\121\150\146\157\126\376\120\317}{section.2.2}% 16
\BOOKMARK [2][-]{subsection.2.2.2}{\376\377\0002\000.\0002\000.\0002\000\040\232\330\122\250\140\001\203\003\126\364\121\150\146\157\126\376\120\317}{section.2.2}% 17
\BOOKMARK [2][-]{subsection.2.2.3}{\376\377\0002\000.\0002\000.\0003\000\040\142\315\144\104\116\016\124\010\142\020}{section.2.2}% 18
\BOOKMARK [1][-]{section.2.3}{\376\377\0002\000.\0003\000\040\121\111\161\147\117\060\213\241\145\160\143\156\226\306}{chapter.2}% 19
\BOOKMARK [1][-]{section.2.4}{\376\377\0002\000.\0004\000\040\213\250\213\272}{chapter.2}% 20
\BOOKMARK [1][-]{section.2.5}{\376\377\0002\000.\0005\000\040\147\054\172\340\134\017\176\323}{chapter.2}% 21
\BOOKMARK [0][-]{chapter.3}{\376\377\173\054\0003\172\340\000\040\000\040\127\372\116\216\155\361\136\246\133\146\116\140\166\204\121\111\161\147\117\060\213\241\145\271\154\325}{}% 22
\BOOKMARK [1][-]{section.3.1}{\376\377\0003\000.\0001\000\040\137\025\212\000}{chapter.3}% 23
\BOOKMARK [1][-]{section.3.2}{\376\377\0003\000.\0002\000\040\166\370\121\163\135\345\117\134}{chapter.3}% 24
\BOOKMARK [1][-]{section.3.3}{\376\377\0003\000.\0003\000\040\225\356\230\230\154\102\211\343\203\003\126\364}{chapter.3}% 25
\BOOKMARK [1][-]{section.3.4}{\376\377\0003\000.\0004\000\040\121\111\161\147\122\006\136\003\166\204\164\003\137\142\214\020\154\342\210\150\171\072}{chapter.3}% 26
\BOOKMARK [1][-]{section.3.5}{\376\377\0003\000.\0005\000\040\123\167\171\357\171\136\176\317\177\121\176\334\176\323\147\204}{chapter.3}% 27
\BOOKMARK [1][-]{section.3.6}{\376\377\0003\000.\0006\000\040\143\137\131\061\121\375\145\160}{chapter.3}% 28
\BOOKMARK [1][-]{section.3.7}{\376\377\0003\000.\0007\000\040\133\236\232\214\176\323\147\234\116\016\213\304\117\060}{chapter.3}% 29
\BOOKMARK [1][-]{section.3.8}{\376\377\0003\000.\0008\000\040\155\361\121\145\170\024\172\166\121\111\161\147\117\060\213\241\177\121\176\334}{chapter.3}% 30
\BOOKMARK [1][-]{section.3.9}{\376\377\0003\000.\0009\000\040\213\250\213\272}{chapter.3}% 31
\BOOKMARK [1][-]{section.3.10}{\376\377\0003\000.\0001\0000\000\040\147\054\172\340\134\017\176\323}{chapter.3}% 32
\BOOKMARK [0][-]{chapter.4}{\376\377\173\054\0004\172\340\000\040\000\040\121\111\161\147\117\060\213\241\166\204\136\224\165\050}{}% 33
\BOOKMARK [1][-]{section.4.1}{\376\377\0004\000.\0001\000\040\137\025\212\000}{chapter.4}% 34
\BOOKMARK [1][-]{section.4.2}{\376\377\0004\000.\0002\000\040\165\065\201\021\172\357\136\224\165\050}{chapter.4}% 35
\BOOKMARK [1][-]{section.4.3}{\376\377\0004\000.\0003\000\040\171\373\122\250\172\357\136\224\165\050}{chapter.4}% 36
\BOOKMARK [1][-]{section.4.4}{\376\377\0004\000.\0004\000\040\147\054\172\340\134\017\176\323}{chapter.4}% 37
\BOOKMARK [0][-]{chapter.5}{\376\377\173\054\0005\172\340\000\040\000\040\140\073\176\323\116\016\134\125\147\033}{}% 38
\BOOKMARK [1][-]{section.5.1}{\376\377\0005\000.\0001\000\040\147\054\145\207\135\345\117\134\140\073\176\323}{chapter.5}% 39
\BOOKMARK [1][-]{section.5.2}{\376\377\0005\000.\0002\000\040\147\052\147\145\135\345\117\134\134\125\147\033}{chapter.5}% 40
\BOOKMARK [0][-]{appendix.A}{\376\377\226\104\137\125\000\040\000A\000\040\000\040\226\104\137\125}{}% 41
\BOOKMARK [0][-]{section*.13}{\376\377\123\302\200\003\145\207\163\056}{}% 42
\BOOKMARK [0][-]{appendix*.14}{\376\377\117\134\200\005\173\200\123\206\123\312\145\073\213\373\133\146\117\115\147\037\225\364\123\321\210\150\166\204\133\146\147\057\213\272\145\207\116\016\170\024\172\166\142\020\147\234}{}% 43
\BOOKMARK [0][-]{appendix*.19}{\376\377\201\364\214\042}{}% 44
